<?xml version="1.0" encoding="UTF-8"?>
<!-- Generated by org.testng.reporters.JUnitXMLReporter -->
<testsuite ignored="0" hostname="DESKTOP-DHSI56N" failures="0" tests="4" name="Test" time="23.085" errors="0" timestamp="2025-07-24T23:12:44 IST">
  <testcase classname="Base.MainC" name="testLoginWithEmptyPassword" time="3.006"/>
  <testcase classname="Base.MainC" name="unPwdInvalid" time="3.057"/>
  <testcase classname="Base.MainC" name="validLogin" time="1.858"/>
  <testcase classname="Base.MainC" name="Remaining" time="5.354"/>
</testsuite> <!-- Test -->
