<?xml version="1.0" encoding="UTF-8"?>
<!-- Generated by org.testng.reporters.JUnitXMLReporter -->
<testsuite ignored="4" hostname="DESKTOP-DHSI56N" failures="0" tests="8" name="Test" time="90.65" errors="0" timestamp="2025-07-26T09:49:31 IST">
  <testcase classname="genericUtilities.BaseClass" name="@BeforeClass launchApp" time="10.388">
    <failure type="org.openqa.selenium.SessionNotCreatedException" message="Could not start a new session. Response code 500. Message: An unknown server-side error occurred while processing the command. Original error: Error executing adbExec. Original error: &amp;apos;Command &amp;apos;C:\\Users\\user\\AppData\\Local\\Android\\Sdk\\platform-tools\\adb.exe -P 5037 -s ZD222L5B8N shell am start -n io.appium.settings/.Unlock -c android.intent.category.LAUNCHER -a android.intent.action.MAIN -f 0x10200000&amp;apos; exited with code 1&amp;apos;; Command output: Error type 3
Error: Activity class {io.appium.settings/io.appium.settings.Unlock} does not exist.
 
Host info: host: &amp;apos;DESKTOP-DHSI56N&amp;apos;, ip: &amp;apos;192.168.31.232&amp;apos;
Build info: version: &amp;apos;4.13.0&amp;apos;, revision: &amp;apos;ba948ece5b*&amp;apos;
System info: os.name: &amp;apos;Windows 10&amp;apos;, os.arch: &amp;apos;amd64&amp;apos;, os.version: &amp;apos;10.0&amp;apos;, java.version: &amp;apos;23.0.2&amp;apos;
Driver info: io.appium.java_client.android.AndroidDriver
Command: [null, newSession {capabilities=[{appium:appActivity=com.swaglabsmobileapp.SplashActivity, appium:appWaitActivity=*, appium:deviceName=Android Device, platformName=ANDROID, appium:automationName=UiAutomator2, appium:app=E:\Appium\AppiumSwagLab/Apps/SauceLabs.apk, appium:appPackage=com.swaglabsmobileapp}], desiredCapabilities=Capabilities {appium:app: E:\Appium\AppiumSwagLab/App..., appium:appActivity: com.swaglabsmobileapp.Splas..., appium:appPackage: com.swaglabsmobileapp, appium:appWaitActivity: *, appium:automationName: UiAutomator2, appium:deviceName: Android Device, platformName: ANDROID}}]
Capabilities {appium:app: E:\Appium\AppiumSwagLab/App..., appium:appActivity: com.swaglabsmobileapp.Splas..., appium:appPackage: com.swaglabsmobileapp, appium:appWaitActivity: *, appium:automationName: UiAutomator2, appium:deviceName: Android Device, platformName: ANDROID}">
      <![CDATA[org.openqa.selenium.SessionNotCreatedException: Could not start a new session. Response code 500. Message: An unknown server-side error occurred while processing the command. Original error: Error executing adbExec. Original error: 'Command 'C:\\Users\\user\\AppData\\Local\\Android\\Sdk\\platform-tools\\adb.exe -P 5037 -s ZD222L5B8N shell am start -n io.appium.settings/.Unlock -c android.intent.category.LAUNCHER -a android.intent.action.MAIN -f 0x10200000' exited with code 1'; Command output: Error type 3
Error: Activity class {io.appium.settings/io.appium.settings.Unlock} does not exist.
 
Host info: host: 'DESKTOP-DHSI56N', ip: '192.168.31.232'
Build info: version: '4.13.0', revision: 'ba948ece5b*'
System info: os.name: 'Windows 10', os.arch: 'amd64', os.version: '10.0', java.version: '23.0.2'
Driver info: io.appium.java_client.android.AndroidDriver
Command: [null, newSession {capabilities=[{appium:appActivity=com.swaglabsmobileapp.SplashActivity, appium:appWaitActivity=*, appium:deviceName=Android Device, platformName=ANDROID, appium:automationName=UiAutomator2, appium:app=E:\Appium\AppiumSwagLab/Apps/SauceLabs.apk, appium:appPackage=com.swaglabsmobileapp}], desiredCapabilities=Capabilities {appium:app: E:\Appium\AppiumSwagLab/App..., appium:appActivity: com.swaglabsmobileapp.Splas..., appium:appPackage: com.swaglabsmobileapp, appium:appWaitActivity: *, appium:automationName: UiAutomator2, appium:deviceName: Android Device, platformName: ANDROID}}]
Capabilities {appium:app: E:\Appium\AppiumSwagLab/App..., appium:appActivity: com.swaglabsmobileapp.Splas..., appium:appPackage: com.swaglabsmobileapp, appium:appWaitActivity: *, appium:automationName: UiAutomator2, appium:deviceName: Android Device, platformName: ANDROID}
at org.openqa.selenium.remote.ProtocolHandshake.createSession(ProtocolHandshake.java:140)
at io.appium.java_client.remote.AppiumProtocolHandshake.createSession(AppiumProtocolHandshake.java:133)
at io.appium.java_client.remote.AppiumProtocolHandshake.createSession(AppiumProtocolHandshake.java:102)
at io.appium.java_client.remote.AppiumCommandExecutor.createSession(AppiumCommandExecutor.java:182)
at io.appium.java_client.remote.AppiumCommandExecutor.execute(AppiumCommandExecutor.java:250)
at org.openqa.selenium.remote.RemoteWebDriver.execute(RemoteWebDriver.java:602)
at io.appium.java_client.AppiumDriver.startSession(AppiumDriver.java:274)
at org.openqa.selenium.remote.RemoteWebDriver.<init>(RemoteWebDriver.java:163)
at io.appium.java_client.AppiumDriver.<init>(AppiumDriver.java:89)
at io.appium.java_client.AppiumDriver.<init>(AppiumDriver.java:101)
at io.appium.java_client.android.AndroidDriver.<init>(AndroidDriver.java:113)
at genericUtilities.BaseClass.launchApp(BaseClass.java:33)
at java.base/java.util.ArrayList.forEach(ArrayList.java:1597)
... Removed 25 stack frames]]>
    </failure>
  </testcase> <!-- @BeforeClass launchApp -->
  <testcase classname="testcases.LoginScenariosTest" name="@BeforeClass initLoginPage" time="0.0">
    <skipped/>
  </testcase> <!-- @BeforeClass initLoginPage -->
  <testcase classname="genericUtilities.BaseClass" name="@AfterClass closeApp" time="0.001">
    <failure type="java.lang.NullPointerException" message="Cannot invoke &amp;quot;io.appium.java_client.android.AndroidDriver.quit()&amp;quot; because &amp;quot;this.driver&amp;quot; is null">
      <![CDATA[java.lang.NullPointerException: Cannot invoke "io.appium.java_client.android.AndroidDriver.quit()" because "this.driver" is null
at genericUtilities.BaseClass.closeApp(BaseClass.java:79)
at java.base/java.util.ArrayList.forEach(ArrayList.java:1597)
... Removed 24 stack frames]]>
    </failure>
  </testcase> <!-- @AfterClass closeApp -->
  <testcase classname="testcases.LoginScenariosTest" name="testLoginWithEmptyPassword" time="0.0">
    <skipped/>
  </testcase> <!-- testLoginWithEmptyPassword -->
  <testcase classname="testcases.LoginScenariosTest" name="testInvalidUsernamePassword" time="0.001">
    <skipped/>
  </testcase> <!-- testInvalidUsernamePassword -->
  <testcase classname="testcases.ProductPageTest" name="verifyProductTitleDisplayed" time="1.115"/>
  <testcase classname="testcases.ProductPageTest" name="testAddAndRemoveProductFromCart" time="2.145"/>
  <testcase classname="testcases.ProductPageTest" name="verifyProductInCart" time="3.449"/>
  <testcase classname="testcases.SidebarTestCases" name="allItemsVerification" time="3.026"/>
  <testcase classname="testcases.SidebarTestCases" name="drawingVerification" time="3.105"/>
  <testcase classname="testcases.SidebarTestCases" name="reesetApp" time="3.087"/>
  <testcase classname="genericUtilities.BaseClass" name="@AfterSuite dbDisconnect" time="0.0">
    <ignored/>
  </testcase> <!-- @AfterSuite dbDisconnect -->
  <testcase classname="genericUtilities.BaseClass" name="@AfterSuite dbDisconnect" time="0.0">
    <ignored/>
  </testcase> <!-- @AfterSuite dbDisconnect -->
  <testcase classname="genericUtilities.BaseClass" name="@BeforeSuite dbConnect" time="0.0">
    <ignored/>
  </testcase> <!-- @BeforeSuite dbConnect -->
  <testcase classname="genericUtilities.BaseClass" name="@BeforeSuite dbConnect" time="0.0">
    <ignored/>
  </testcase> <!-- @BeforeSuite dbConnect -->
</testsuite> <!-- Test -->
