<?xml version="1.0" encoding="UTF-8"?>
<testng-results ignored="0" total="4" passed="4" failed="0" skipped="0">
  <reporter-output>
  </reporter-output>
  <suite started-at="2025-07-24T23:12:20 IST" name="Suite" finished-at="2025-07-24T23:12:43 IST" duration-ms="23085">
    <groups>
    </groups>
    <test started-at="2025-07-24T23:12:20 IST" name="Test" finished-at="2025-07-24T23:12:43 IST" duration-ms="23085">
      <class name="Base.MainC">
        <test-method is-config="true" signature="m1()[pri:0, instance:Base.MainC@6a2b953e]" started-at="2025-07-24T23:12:20 IST" name="m1" finished-at="2025-07-24T23:12:30 IST" duration-ms="9314" status="PASS">
          <reporter-output>
          </reporter-output>
        </test-method> <!-- m1 -->
        <test-method is-config="true" signature="setupPageObject()[pri:0, instance:Base.MainC@6a2b953e]" started-at="2025-07-24T23:12:30 IST" name="setupPageObject" finished-at="2025-07-24T23:12:30 IST" duration-ms="110" status="PASS">
          <reporter-output>
          </reporter-output>
        </test-method> <!-- setupPageObject -->
        <test-method signature="testLoginWithEmptyPassword()[pri:1, instance:Base.MainC@6a2b953e]" started-at="2025-07-24T23:12:30 IST" name="testLoginWithEmptyPassword" finished-at="2025-07-24T23:12:33 IST" duration-ms="3006" status="PASS">
          <reporter-output>
          </reporter-output>
        </test-method> <!-- testLoginWithEmptyPassword -->
        <test-method signature="unPwdInvalid()[pri:2, instance:Base.MainC@6a2b953e]" started-at="2025-07-24T23:12:33 IST" name="unPwdInvalid" finished-at="2025-07-24T23:12:36 IST" duration-ms="3057" status="PASS">
          <reporter-output>
          </reporter-output>
        </test-method> <!-- unPwdInvalid -->
        <test-method signature="validLogin()[pri:3, instance:Base.MainC@6a2b953e]" started-at="2025-07-24T23:12:36 IST" name="validLogin" finished-at="2025-07-24T23:12:38 IST" duration-ms="1858" status="PASS">
          <reporter-output>
          </reporter-output>
        </test-method> <!-- validLogin -->
        <test-method signature="Remaining()[pri:4, instance:Base.MainC@6a2b953e]" started-at="2025-07-24T23:12:38 IST" name="Remaining" finished-at="2025-07-24T23:12:43 IST" duration-ms="5354" status="PASS">
          <reporter-output>
          </reporter-output>
        </test-method> <!-- Remaining -->
        <test-method is-config="true" signature="tearDown()[pri:0, instance:Base.MainC@6a2b953e]" started-at="2025-07-24T23:12:43 IST" name="tearDown" finished-at="2025-07-24T23:12:43 IST" duration-ms="0" status="PASS">
          <reporter-output>
          </reporter-output>
        </test-method> <!-- tearDown -->
      </class> <!-- Base.MainC -->
    </test> <!-- Test -->
  </suite> <!-- Suite -->
</testng-results>
